<?xml version="1.0" encoding="UTF-8"?>
<testsuite name="com.ksh.book.springboot.web.IndexControllerTest" tests="1" skipped="0" failures="0" errors="0" timestamp="2021-07-25T05:03:01" hostname="DESKTOP-6LP15KI" time="0.29">
  <properties/>
  <testcase name="메인페이지_로딩" classname="com.ksh.book.springboot.web.IndexControllerTest" time="0.29"/>
  <system-out><![CDATA[2021-07-25 14:02:57.913  INFO 5840 --- [    Test worker] .b.t.c.SpringBootTestContextBootstrapper : Neither @ContextConfiguration nor @ContextHierarchy found for test class [com.ksh.book.springboot.web.IndexControllerTest], using SpringBootContextLoader
2021-07-25 14:02:57.913  INFO 5840 --- [    Test worker] o.s.t.c.support.AbstractContextLoader    : Could not detect default resource locations for test class [com.ksh.book.springboot.web.IndexControllerTest]: no resource found for suffixes {-context.xml, Context.groovy}.
2021-07-25 14:02:57.913  INFO 5840 --- [    Test worker] t.c.s.AnnotationConfigContextLoaderUtils : Could not detect default configuration classes for test class [com.ksh.book.springboot.web.IndexControllerTest]: IndexControllerTest does not declare any static, non-private, non-final, nested classes annotated with @Configuration.
2021-07-25 14:02:57.913  INFO 5840 --- [    Test worker] .b.t.c.SpringBootTestContextBootstrapper : Found @SpringBootConfiguration com.ksh.book.springboot.Application for test class com.ksh.book.springboot.web.IndexControllerTest
2021-07-25 14:02:57.929  INFO 5840 --- [    Test worker] .b.t.c.SpringBootTestContextBootstrapper : Loaded default TestExecutionListener class names from location [META-INF/spring.factories]: [org.springframework.security.test.context.support.WithSecurityContextTestExecutionListener, org.springframework.security.test.context.support.ReactorContextTestExecutionListener, org.springframework.boot.test.autoconfigure.restdocs.RestDocsTestExecutionListener, org.springframework.boot.test.autoconfigure.web.client.MockRestServiceServerResetTestExecutionListener, org.springframework.boot.test.autoconfigure.web.servlet.MockMvcPrintOnlyOnFailureTestExecutionListener, org.springframework.boot.test.autoconfigure.web.servlet.WebDriverTestExecutionListener, org.springframework.boot.test.mock.mockito.MockitoTestExecutionListener, org.springframework.boot.test.mock.mockito.ResetMocksTestExecutionListener, org.springframework.test.context.web.ServletTestExecutionListener, org.springframework.test.context.support.DirtiesContextBeforeModesTestExecutionListener, org.springframework.test.context.support.DependencyInjectionTestExecutionListener, org.springframework.test.context.support.DirtiesContextTestExecutionListener, org.springframework.test.context.transaction.TransactionalTestExecutionListener, org.springframework.test.context.jdbc.SqlScriptsTestExecutionListener]
2021-07-25 14:02:57.929  INFO 5840 --- [    Test worker] .b.t.c.SpringBootTestContextBootstrapper : Using TestExecutionListeners: [org.springframework.test.context.web.ServletTestExecutionListener@40120e99, org.springframework.test.context.support.DirtiesContextBeforeModesTestExecutionListener@35fb8b3a, org.springframework.boot.test.mock.mockito.MockitoTestExecutionListener@4e37201c, org.springframework.boot.test.autoconfigure.SpringBootDependencyInjectionTestExecutionListener@2c59515d, org.springframework.test.context.support.DirtiesContextTestExecutionListener@7cefe489, org.springframework.test.context.transaction.TransactionalTestExecutionListener@15a41275, org.springframework.test.context.jdbc.SqlScriptsTestExecutionListener@62e4f71d, org.springframework.security.test.context.support.WithSecurityContextTestExecutionListener@45181a5, org.springframework.security.test.context.support.ReactorContextTestExecutionListener@799f60a, org.springframework.boot.test.autoconfigure.restdocs.RestDocsTestExecutionListener@321b6b36, org.springframework.boot.test.autoconfigure.web.client.MockRestServiceServerResetTestExecutionListener@77822e77, org.springframework.boot.test.autoconfigure.web.servlet.MockMvcPrintOnlyOnFailureTestExecutionListener@7fd6c58b, org.springframework.boot.test.autoconfigure.web.servlet.WebDriverTestExecutionListener@37b755dd, org.springframework.boot.test.mock.mockito.ResetMocksTestExecutionListener@5e1cdac6]

  .   ____          _            __ _ _
 /\\ / ___'_ __ _ _(_)_ __  __ _ \ \ \ \
( ( )\___ | '_ | '_| | '_ \/ _` | \ \ \ \
 \\/  ___)| |_)| | | | | || (_| |  ) ) ) )
  '  |____| .__|_| |_|_| |_\__, | / / / /
 =========|_|==============|___/=/_/_/_/
 :: Spring Boot ::        (v2.1.7.RELEASE)

2021-07-25 14:02:57.960  INFO 5840 --- [    Test worker] c.k.b.s.web.IndexControllerTest          : Starting IndexControllerTest on DESKTOP-6LP15KI with PID 5840 (started by ksh in C:\Users\ksh\IdeaProjects\freelec-springboot2-webservice)
2021-07-25 14:02:57.960  INFO 5840 --- [    Test worker] c.k.b.s.web.IndexControllerTest          : No active profile set, falling back to default profiles: default
2021-07-25 14:02:58.283  INFO 5840 --- [    Test worker] .s.d.r.c.RepositoryConfigurationDelegate : Bootstrapping Spring Data repositories in DEFAULT mode.
2021-07-25 14:02:58.330  INFO 5840 --- [    Test worker] .s.d.r.c.RepositoryConfigurationDelegate : Finished Spring Data repository scanning in 31ms. Found 2 repository interfaces.
2021-07-25 14:02:58.471  INFO 5840 --- [    Test worker] trationDelegate$BeanPostProcessorChecker : Bean 'org.springframework.transaction.annotation.ProxyTransactionManagementConfiguration' of type [org.springframework.transaction.annotation.ProxyTransactionManagementConfiguration$$EnhancerBySpringCGLIB$$61076d4b] is not eligible for getting processed by all BeanPostProcessors (for example: not eligible for auto-proxying)
2021-07-25 14:02:58.875  INFO 5840 --- [    Test worker] o.s.b.w.embedded.tomcat.TomcatWebServer  : Tomcat initialized with port(s): 0 (http)
2021-07-25 14:02:58.922  INFO 5840 --- [    Test worker] o.apache.catalina.core.StandardService   : Starting service [Tomcat]
2021-07-25 14:02:58.922  INFO 5840 --- [    Test worker] org.apache.catalina.core.StandardEngine  : Starting Servlet engine: [Apache Tomcat/9.0.22]
2021-07-25 14:02:59.143  INFO 5840 --- [    Test worker] o.a.c.c.C.[Tomcat].[localhost].[/]       : Initializing Spring embedded WebApplicationContext
2021-07-25 14:02:59.143  INFO 5840 --- [    Test worker] o.s.web.context.ContextLoader            : Root WebApplicationContext: initialization completed in 1161 ms
2021-07-25 14:02:59.400  INFO 5840 --- [    Test worker] com.zaxxer.hikari.HikariDataSource       : HikariPool-2 - Starting...
2021-07-25 14:02:59.400  INFO 5840 --- [    Test worker] com.zaxxer.hikari.HikariDataSource       : HikariPool-2 - Start completed.
2021-07-25 14:02:59.462  INFO 5840 --- [    Test worker] o.hibernate.jpa.internal.util.LogHelper  : HHH000204: Processing PersistenceUnitInfo [
	name: default
	...]
2021-07-25 14:02:59.478  INFO 5840 --- [    Test worker] org.hibernate.dialect.Dialect            : HHH000400: Using dialect: org.hibernate.dialect.MySQL5InnoDBDialect
Hibernate: drop table if exists posts
Hibernate: drop table if exists user
Hibernate: create table posts (id bigint not null auto_increment, created_date datetime, modified_date datetime, author varchar(255), content TEXT not null, title varchar(500) not null, primary key (id)) engine=InnoDB
Hibernate: create table user (id bigint not null auto_increment, created_date datetime, modified_date datetime, email varchar(255) not null, name varchar(255) not null, picture varchar(255), role varchar(255) not null, primary key (id)) engine=InnoDB
2021-07-25 14:02:59.556  INFO 5840 --- [    Test worker] o.h.t.schema.internal.SchemaCreatorImpl  : HHH000476: Executing import script 'org.hibernate.tool.schema.internal.exec.ScriptSourceInputNonExistentImpl@4142e0d7'
2021-07-25 14:02:59.557  INFO 5840 --- [    Test worker] j.LocalContainerEntityManagerFactoryBean : Initialized JPA EntityManagerFactory for persistence unit 'default'
2021-07-25 14:03:00.033  INFO 5840 --- [    Test worker] o.h.h.i.QueryTranslatorFactoryInitiator  : HHH000397: Using ASTQueryTranslatorFactory
2021-07-25 14:03:00.291  INFO 5840 --- [    Test worker] o.s.s.web.DefaultSecurityFilterChain     : Creating filter chain: any request, [org.springframework.security.web.context.request.async.WebAsyncManagerIntegrationFilter@304db4f7, org.springframework.security.web.context.SecurityContextPersistenceFilter@35c507ff, org.springframework.security.web.header.HeaderWriterFilter@6bfedec, org.springframework.security.web.authentication.logout.LogoutFilter@45aae303, org.springframework.security.oauth2.client.web.OAuth2AuthorizationRequestRedirectFilter@462df403, org.springframework.security.oauth2.client.web.OAuth2LoginAuthenticationFilter@55b33990, org.springframework.security.web.authentication.ui.DefaultLoginPageGeneratingFilter@58cded1a, org.springframework.security.web.authentication.ui.DefaultLogoutPageGeneratingFilter@68058ae7, org.springframework.security.web.savedrequest.RequestCacheAwareFilter@1c7a2564, org.springframework.security.web.servletapi.SecurityContextHolderAwareRequestFilter@65537b8a, org.springframework.security.web.authentication.AnonymousAuthenticationFilter@41a1e608, org.springframework.security.web.session.SessionManagementFilter@44af3193, org.springframework.security.web.access.ExceptionTranslationFilter@18462a01, org.springframework.security.web.access.intercept.FilterSecurityInterceptor@5511a031]
2021-07-25 14:03:00.594  INFO 5840 --- [    Test worker] o.s.s.concurrent.ThreadPoolTaskExecutor  : Initializing ExecutorService 'applicationTaskExecutor'
2021-07-25 14:03:00.620  WARN 5840 --- [    Test worker] aWebConfiguration$JpaWebMvcConfiguration : spring.jpa.open-in-view is enabled by default. Therefore, database queries may be performed during view rendering. Explicitly configure spring.jpa.open-in-view to disable this warning
2021-07-25 14:03:00.657  INFO 5840 --- [    Test worker] o.s.b.a.w.s.WelcomePageHandlerMapping    : Adding welcome page template: index
2021-07-25 14:03:01.071  INFO 5840 --- [    Test worker] s.a.ScheduledAnnotationBeanPostProcessor : No TaskScheduler/ScheduledExecutorService bean found for scheduled processing
2021-07-25 14:03:01.091  INFO 5840 --- [    Test worker] o.s.b.w.embedded.tomcat.TomcatWebServer  : Tomcat started on port(s): 49247 (http) with context path ''
2021-07-25 14:03:01.100  INFO 5840 --- [    Test worker] c.k.b.s.web.IndexControllerTest          : Started IndexControllerTest in 3.171 seconds (JVM running for 15.146)
2021-07-25 14:03:01.230  INFO 5840 --- [o-auto-1-exec-1] o.a.c.c.C.[Tomcat].[localhost].[/]       : Initializing Spring DispatcherServlet 'dispatcherServlet'
2021-07-25 14:03:01.230  INFO 5840 --- [o-auto-1-exec-1] o.s.web.servlet.DispatcherServlet        : Initializing Servlet 'dispatcherServlet'
2021-07-25 14:03:01.253  INFO 5840 --- [o-auto-1-exec-1] o.s.web.servlet.DispatcherServlet        : Completed initialization in 23 ms
Hibernate: select posts0_.id as id1_0_, posts0_.created_date as created_2_0_, posts0_.modified_date as modified3_0_, posts0_.author as author4_0_, posts0_.content as content5_0_, posts0_.title as title6_0_ from posts posts0_ order by posts0_.id DESC
]]></system-out>
  <system-err><![CDATA[]]></system-err>
</testsuite>
